===================== 2023-05-16 21:47:18 ==============
{"op":"guardaryeditar"}
===================== 2023-05-16 21:47:19 ==============
{"idEmpleado":"","nombre":"gabi","primerApellido":"Ordo\u00f1ez","segundoApellido":"","email":"edgra.ordonez@gmail.com","fechaEntrada":"2023-05-12","fechaBaja":"","idDepartamento":"1","usr":"gab i","pwd":"admi","fotoActual":""}
===================== 2023-05-16 21:47:19 ==============
{"foto":{"name":"","full_path":"","type":"","tmp_name":"","error":4,"size":0}}
===================== 2023-05-16 21:53:30 ==============
{"op":"guardaryeditar"}
===================== 2023-05-16 21:53:30 ==============
{"idEmpleado":"","nombre":"Edgar","primerApellido":"Canizalez","segundoApellido":"","email":"Edgard4532@gmail.com","fechaEntrada":"2023-05-10","fechaBaja":"","idDepartamento":"1","usr":"ned","pwd":"admin","fotoActual":""}
===================== 2023-05-16 21:53:30 ==============
{"foto":{"name":"avatar5.png","full_path":"avatar5.png","type":"image\/png","tmp_name":"D:\\xampp\\tmp\\php3F0C.tmp","error":0,"size":7587}}
===================== 2023-05-16 22:10:32 ==============
{"op":"guardaryeditar"}
===================== 2023-05-16 22:10:32 ==============
{"idEmpleado":"","nombre":"gabriel","primerApellido":"Ordo\u00f1ez","segundoApellido":"","email":"edgra.ordonez@gmail.com","fechaEntrada":"2023-05-09","fechaBaja":"","idDepartamento":"2","esJefe":"on","usr":"admin","pwd":"admin","fotoActual":""}
===================== 2023-05-16 22:10:32 ==============
{"foto":{"name":"avatar5.png","full_path":"avatar5.png","type":"image\/png","tmp_name":"D:\\xampp\\tmp\\phpD6E0.tmp","error":0,"size":7587}}
===================== 2023-05-19 04:09:57 ==============
{"op":"listar","_":"1684462197654"}
===================== 2023-05-19 04:09:57 ==============
[]
===================== 2023-05-19 04:09:57 ==============
[]
===================== 2023-05-19 04:11:42 ==============
{"op":"listar","_":"1684462302318"}
===================== 2023-05-19 04:11:42 ==============
[]
===================== 2023-05-19 04:11:42 ==============
[]
===================== 2023-05-19 04:13:09 ==============
{"op":"listar","_":"1684462388640"}
===================== 2023-05-19 04:13:09 ==============
[]
===================== 2023-05-19 04:13:09 ==============
[]
===================== 2023-05-19 04:13:47 ==============
{"op":"listar","_":"1684462427596"}
===================== 2023-05-19 04:13:47 ==============
[]
===================== 2023-05-19 04:13:47 ==============
[]
===================== 2023-05-19 04:16:14 ==============
{"op":"guardaryeditar"}
===================== 2023-05-19 04:16:14 ==============
{"idEmpleado":"","nombre":"Edgar","primerApellido":"Ordo\u00f1ez","segundoApellido":"Canizalez","email":"gabord4532@gmail.com","fechaEntrada":"2023-05-01","fechaBaja":"","idDepartamento":"1","esJefe":"on","usr":"Admin1","pwd":"admin","fotoActual":""}
===================== 2023-05-19 04:16:14 ==============
{"foto":{"name":"avatar4.png","full_path":"avatar4.png","type":"image\/png","tmp_name":"D:\\xampp\\tmp\\php334B.tmp","error":0,"size":13543}}
===================== 2023-05-19 04:16:22 ==============
{"op":"listar","_":"1684462582021"}
===================== 2023-05-19 04:16:22 ==============
[]
===================== 2023-05-19 04:16:22 ==============
[]
===================== 2023-05-19 04:17:39 ==============
{"op":"listar","_":"1684462659530"}
===================== 2023-05-19 04:17:39 ==============
[]
===================== 2023-05-19 04:17:39 ==============
[]
===================== 2023-05-19 04:22:28 ==============
{"op":"listar","_":"1684462948077"}
===================== 2023-05-19 04:22:28 ==============
[]
===================== 2023-05-19 04:22:28 ==============
[]
===================== 2023-05-19 04:23:16 ==============
{"op":"listar","_":"1684462995875"}
===================== 2023-05-19 04:23:16 ==============
[]
===================== 2023-05-19 04:23:16 ==============
[]
===================== 2023-05-19 04:24:03 ==============
{"op":"listar","_":"1684463043566"}
===================== 2023-05-19 04:24:03 ==============
[]
===================== 2023-05-19 04:24:03 ==============
[]
===================== 2023-05-19 04:24:09 ==============
{"op":"listar","_":"1684463049014"}
===================== 2023-05-19 04:24:09 ==============
[]
===================== 2023-05-19 04:24:09 ==============
[]
===================== 2023-05-19 04:24:15 ==============
{"op":"listar","_":"1684463055646"}
===================== 2023-05-19 04:24:15 ==============
[]
===================== 2023-05-19 04:24:15 ==============
[]
===================== 2023-05-19 04:26:02 ==============
{"op":"listar","_":"1684463161905"}
===================== 2023-05-19 04:26:02 ==============
[]
===================== 2023-05-19 04:26:02 ==============
[]
===================== 2023-05-19 04:26:07 ==============
{"op":"listar","_":"1684463167656"}
===================== 2023-05-19 04:26:07 ==============
[]
===================== 2023-05-19 04:26:07 ==============
[]
===================== 2023-05-19 04:26:14 ==============
{"op":"listar","_":"1684463174748"}
===================== 2023-05-19 04:26:14 ==============
[]
===================== 2023-05-19 04:26:14 ==============
[]
===================== 2023-05-19 04:26:55 ==============
{"op":"listar","_":"1684463214755"}
===================== 2023-05-19 04:26:55 ==============
[]
===================== 2023-05-19 04:26:55 ==============
[]
===================== 2023-05-19 04:27:10 ==============
{"op":"listar","_":"1684463230276"}
===================== 2023-05-19 04:27:10 ==============
[]
===================== 2023-05-19 04:27:10 ==============
[]
===================== 2023-05-19 04:27:15 ==============
{"op":"listar","_":"1684463234886"}
===================== 2023-05-19 04:27:15 ==============
[]
===================== 2023-05-19 04:27:15 ==============
[]
===================== 2023-05-19 04:27:21 ==============
{"op":"listar","_":"1684463240667"}
===================== 2023-05-19 04:27:21 ==============
[]
===================== 2023-05-19 04:27:21 ==============
[]
===================== 2023-05-19 04:29:42 ==============
{"op":"listar","_":"1684463382007"}
===================== 2023-05-19 04:29:42 ==============
[]
===================== 2023-05-19 04:29:42 ==============
[]
